[2025-01-14 19:39:34] local.ERROR: could not find driver (Connection: sqlite, SQL: select exists (select 1 from sqlite_master where name = 'migrations' and type = 'table') as "exists") {"exception":"[object] (Illuminate\\Database\\QueryException(code: 0): could not find driver (Connection: sqlite, SQL: select exists (select 1 from sqlite_master where name = 'migrations' and type = 'table') as \"exists\") at /mnt/c/Users/conta/Projekty/PetStoreApp/vendor/laravel/framework/src/Illuminate/Database/Connection.php:825)
[stacktrace]
#0 /mnt/c/Users/conta/Projekty/PetStoreApp/vendor/laravel/framework/src/Illuminate/Database/Connection.php(779): Illuminate\\Database\\Connection->runQueryCallback()
#1 /mnt/c/Users/conta/Projekty/PetStoreApp/vendor/laravel/framework/src/Illuminate/Database/Connection.php(398): Illuminate\\Database\\Connection->run()
#2 /mnt/c/Users/conta/Projekty/PetStoreApp/vendor/laravel/framework/src/Illuminate/Database/Connection.php(344): Illuminate\\Database\\Connection->select()
#3 /mnt/c/Users/conta/Projekty/PetStoreApp/vendor/laravel/framework/src/Illuminate/Database/Connection.php(361): Illuminate\\Database\\Connection->selectOne()
#4 /mnt/c/Users/conta/Projekty/PetStoreApp/vendor/laravel/framework/src/Illuminate/Database/Schema/SQLiteBuilder.php(44): Illuminate\\Database\\Connection->scalar()
#5 /mnt/c/Users/conta/Projekty/PetStoreApp/vendor/laravel/framework/src/Illuminate/Database/Migrations/DatabaseMigrationRepository.php(184): Illuminate\\Database\\Schema\\SQLiteBuilder->hasTable()
#6 /mnt/c/Users/conta/Projekty/PetStoreApp/vendor/laravel/framework/src/Illuminate/Database/Migrations/Migrator.php(681): Illuminate\\Database\\Migrations\\DatabaseMigrationRepository->repositoryExists()
#7 /mnt/c/Users/conta/Projekty/PetStoreApp/vendor/laravel/framework/src/Illuminate/Database/Console/Migrations/MigrateCommand.php(164): Illuminate\\Database\\Migrations\\Migrator->repositoryExists()
#8 /mnt/c/Users/conta/Projekty/PetStoreApp/vendor/laravel/framework/src/Illuminate/Support/helpers.php(338): Illuminate\\Database\\Console\\Migrations\\MigrateCommand->Illuminate\\Database\\Console\\Migrations\\{closure}()
#9 /mnt/c/Users/conta/Projekty/PetStoreApp/vendor/laravel/framework/src/Illuminate/Database/Console/Migrations/MigrateCommand.php(164): retry()
#10 /mnt/c/Users/conta/Projekty/PetStoreApp/vendor/laravel/framework/src/Illuminate/Database/Console/Migrations/MigrateCommand.php(140): Illuminate\\Database\\Console\\Migrations\\MigrateCommand->repositoryExists()
#11 /mnt/c/Users/conta/Projekty/PetStoreApp/vendor/laravel/framework/src/Illuminate/Database/Console/Migrations/MigrateCommand.php(110): Illuminate\\Database\\Console\\Migrations\\MigrateCommand->prepareDatabase()
#12 /mnt/c/Users/conta/Projekty/PetStoreApp/vendor/laravel/framework/src/Illuminate/Database/Migrations/Migrator.php(616): Illuminate\\Database\\Console\\Migrations\\MigrateCommand->Illuminate\\Database\\Console\\Migrations\\{closure}()
#13 /mnt/c/Users/conta/Projekty/PetStoreApp/vendor/laravel/framework/src/Illuminate/Database/Console/Migrations/MigrateCommand.php(109): Illuminate\\Database\\Migrations\\Migrator->usingConnection()
#14 /mnt/c/Users/conta/Projekty/PetStoreApp/vendor/laravel/framework/src/Illuminate/Database/Console/Migrations/MigrateCommand.php(88): Illuminate\\Database\\Console\\Migrations\\MigrateCommand->runMigrations()
#15 /mnt/c/Users/conta/Projekty/PetStoreApp/vendor/laravel/framework/src/Illuminate/Container/BoundMethod.php(36): Illuminate\\Database\\Console\\Migrations\\MigrateCommand->handle()
#16 /mnt/c/Users/conta/Projekty/PetStoreApp/vendor/laravel/framework/src/Illuminate/Container/Util.php(43): Illuminate\\Container\\BoundMethod::Illuminate\\Container\\{closure}()
#17 /mnt/c/Users/conta/Projekty/PetStoreApp/vendor/laravel/framework/src/Illuminate/Container/BoundMethod.php(95): Illuminate\\Container\\Util::unwrapIfClosure()
#18 /mnt/c/Users/conta/Projekty/PetStoreApp/vendor/laravel/framework/src/Illuminate/Container/BoundMethod.php(35): Illuminate\\Container\\BoundMethod::callBoundMethod()
#19 /mnt/c/Users/conta/Projekty/PetStoreApp/vendor/laravel/framework/src/Illuminate/Container/Container.php(694): Illuminate\\Container\\BoundMethod::call()
#20 /mnt/c/Users/conta/Projekty/PetStoreApp/vendor/laravel/framework/src/Illuminate/Console/Command.php(213): Illuminate\\Container\\Container->call()
#21 /mnt/c/Users/conta/Projekty/PetStoreApp/vendor/symfony/console/Command/Command.php(279): Illuminate\\Console\\Command->execute()
#22 /mnt/c/Users/conta/Projekty/PetStoreApp/vendor/laravel/framework/src/Illuminate/Console/Command.php(182): Symfony\\Component\\Console\\Command\\Command->run()
#23 /mnt/c/Users/conta/Projekty/PetStoreApp/vendor/symfony/console/Application.php(1094): Illuminate\\Console\\Command->run()
#24 /mnt/c/Users/conta/Projekty/PetStoreApp/vendor/symfony/console/Application.php(342): Symfony\\Component\\Console\\Application->doRunCommand()
#25 /mnt/c/Users/conta/Projekty/PetStoreApp/vendor/symfony/console/Application.php(193): Symfony\\Component\\Console\\Application->doRun()
#26 /mnt/c/Users/conta/Projekty/PetStoreApp/vendor/laravel/framework/src/Illuminate/Foundation/Console/Kernel.php(198): Symfony\\Component\\Console\\Application->run()
#27 /mnt/c/Users/conta/Projekty/PetStoreApp/vendor/laravel/framework/src/Illuminate/Foundation/Application.php(1208): Illuminate\\Foundation\\Console\\Kernel->handle()
#28 /mnt/c/Users/conta/Projekty/PetStoreApp/artisan(13): Illuminate\\Foundation\\Application->handleCommand()
#29 {main}

[previous exception] [object] (PDOException(code: 0): could not find driver at /mnt/c/Users/conta/Projekty/PetStoreApp/vendor/laravel/framework/src/Illuminate/Database/Connectors/Connector.php:66)
[stacktrace]
#0 /mnt/c/Users/conta/Projekty/PetStoreApp/vendor/laravel/framework/src/Illuminate/Database/Connectors/Connector.php(66): PDO->__construct()
#1 /mnt/c/Users/conta/Projekty/PetStoreApp/vendor/laravel/framework/src/Illuminate/Database/Connectors/Connector.php(44): Illuminate\\Database\\Connectors\\Connector->createPdoConnection()
#2 /mnt/c/Users/conta/Projekty/PetStoreApp/vendor/laravel/framework/src/Illuminate/Database/Connectors/SQLiteConnector.php(40): Illuminate\\Database\\Connectors\\Connector->createConnection()
#3 /mnt/c/Users/conta/Projekty/PetStoreApp/vendor/laravel/framework/src/Illuminate/Database/Connectors/ConnectionFactory.php(224): Illuminate\\Database\\Connectors\\SQLiteConnector->connect()
#4 [internal function]: Illuminate\\Database\\Connectors\\ConnectionFactory->Illuminate\\Database\\Connectors\\{closure}()
#5 /mnt/c/Users/conta/Projekty/PetStoreApp/vendor/laravel/framework/src/Illuminate/Database/Connection.php(1231): call_user_func()
#6 /mnt/c/Users/conta/Projekty/PetStoreApp/vendor/laravel/framework/src/Illuminate/Database/Connection.php(1267): Illuminate\\Database\\Connection->getPdo()
#7 /mnt/c/Users/conta/Projekty/PetStoreApp/vendor/laravel/framework/src/Illuminate/Database/Connection.php(512): Illuminate\\Database\\Connection->getReadPdo()
#8 /mnt/c/Users/conta/Projekty/PetStoreApp/vendor/laravel/framework/src/Illuminate/Database/Connection.php(407): Illuminate\\Database\\Connection->getPdoForSelect()
#9 /mnt/c/Users/conta/Projekty/PetStoreApp/vendor/laravel/framework/src/Illuminate/Database/Connection.php(812): Illuminate\\Database\\Connection->Illuminate\\Database\\{closure}()
#10 /mnt/c/Users/conta/Projekty/PetStoreApp/vendor/laravel/framework/src/Illuminate/Database/Connection.php(779): Illuminate\\Database\\Connection->runQueryCallback()
#11 /mnt/c/Users/conta/Projekty/PetStoreApp/vendor/laravel/framework/src/Illuminate/Database/Connection.php(398): Illuminate\\Database\\Connection->run()
#12 /mnt/c/Users/conta/Projekty/PetStoreApp/vendor/laravel/framework/src/Illuminate/Database/Connection.php(344): Illuminate\\Database\\Connection->select()
#13 /mnt/c/Users/conta/Projekty/PetStoreApp/vendor/laravel/framework/src/Illuminate/Database/Connection.php(361): Illuminate\\Database\\Connection->selectOne()
#14 /mnt/c/Users/conta/Projekty/PetStoreApp/vendor/laravel/framework/src/Illuminate/Database/Schema/SQLiteBuilder.php(44): Illuminate\\Database\\Connection->scalar()
#15 /mnt/c/Users/conta/Projekty/PetStoreApp/vendor/laravel/framework/src/Illuminate/Database/Migrations/DatabaseMigrationRepository.php(184): Illuminate\\Database\\Schema\\SQLiteBuilder->hasTable()
#16 /mnt/c/Users/conta/Projekty/PetStoreApp/vendor/laravel/framework/src/Illuminate/Database/Migrations/Migrator.php(681): Illuminate\\Database\\Migrations\\DatabaseMigrationRepository->repositoryExists()
#17 /mnt/c/Users/conta/Projekty/PetStoreApp/vendor/laravel/framework/src/Illuminate/Database/Console/Migrations/MigrateCommand.php(164): Illuminate\\Database\\Migrations\\Migrator->repositoryExists()
#18 /mnt/c/Users/conta/Projekty/PetStoreApp/vendor/laravel/framework/src/Illuminate/Support/helpers.php(338): Illuminate\\Database\\Console\\Migrations\\MigrateCommand->Illuminate\\Database\\Console\\Migrations\\{closure}()
#19 /mnt/c/Users/conta/Projekty/PetStoreApp/vendor/laravel/framework/src/Illuminate/Database/Console/Migrations/MigrateCommand.php(164): retry()
#20 /mnt/c/Users/conta/Projekty/PetStoreApp/vendor/laravel/framework/src/Illuminate/Database/Console/Migrations/MigrateCommand.php(140): Illuminate\\Database\\Console\\Migrations\\MigrateCommand->repositoryExists()
#21 /mnt/c/Users/conta/Projekty/PetStoreApp/vendor/laravel/framework/src/Illuminate/Database/Console/Migrations/MigrateCommand.php(110): Illuminate\\Database\\Console\\Migrations\\MigrateCommand->prepareDatabase()
#22 /mnt/c/Users/conta/Projekty/PetStoreApp/vendor/laravel/framework/src/Illuminate/Database/Migrations/Migrator.php(616): Illuminate\\Database\\Console\\Migrations\\MigrateCommand->Illuminate\\Database\\Console\\Migrations\\{closure}()
#23 /mnt/c/Users/conta/Projekty/PetStoreApp/vendor/laravel/framework/src/Illuminate/Database/Console/Migrations/MigrateCommand.php(109): Illuminate\\Database\\Migrations\\Migrator->usingConnection()
#24 /mnt/c/Users/conta/Projekty/PetStoreApp/vendor/laravel/framework/src/Illuminate/Database/Console/Migrations/MigrateCommand.php(88): Illuminate\\Database\\Console\\Migrations\\MigrateCommand->runMigrations()
#25 /mnt/c/Users/conta/Projekty/PetStoreApp/vendor/laravel/framework/src/Illuminate/Container/BoundMethod.php(36): Illuminate\\Database\\Console\\Migrations\\MigrateCommand->handle()
#26 /mnt/c/Users/conta/Projekty/PetStoreApp/vendor/laravel/framework/src/Illuminate/Container/Util.php(43): Illuminate\\Container\\BoundMethod::Illuminate\\Container\\{closure}()
#27 /mnt/c/Users/conta/Projekty/PetStoreApp/vendor/laravel/framework/src/Illuminate/Container/BoundMethod.php(95): Illuminate\\Container\\Util::unwrapIfClosure()
#28 /mnt/c/Users/conta/Projekty/PetStoreApp/vendor/laravel/framework/src/Illuminate/Container/BoundMethod.php(35): Illuminate\\Container\\BoundMethod::callBoundMethod()
#29 /mnt/c/Users/conta/Projekty/PetStoreApp/vendor/laravel/framework/src/Illuminate/Container/Container.php(694): Illuminate\\Container\\BoundMethod::call()
#30 /mnt/c/Users/conta/Projekty/PetStoreApp/vendor/laravel/framework/src/Illuminate/Console/Command.php(213): Illuminate\\Container\\Container->call()
#31 /mnt/c/Users/conta/Projekty/PetStoreApp/vendor/symfony/console/Command/Command.php(279): Illuminate\\Console\\Command->execute()
#32 /mnt/c/Users/conta/Projekty/PetStoreApp/vendor/laravel/framework/src/Illuminate/Console/Command.php(182): Symfony\\Component\\Console\\Command\\Command->run()
#33 /mnt/c/Users/conta/Projekty/PetStoreApp/vendor/symfony/console/Application.php(1094): Illuminate\\Console\\Command->run()
#34 /mnt/c/Users/conta/Projekty/PetStoreApp/vendor/symfony/console/Application.php(342): Symfony\\Component\\Console\\Application->doRunCommand()
#35 /mnt/c/Users/conta/Projekty/PetStoreApp/vendor/symfony/console/Application.php(193): Symfony\\Component\\Console\\Application->doRun()
#36 /mnt/c/Users/conta/Projekty/PetStoreApp/vendor/laravel/framework/src/Illuminate/Foundation/Console/Kernel.php(198): Symfony\\Component\\Console\\Application->run()
#37 /mnt/c/Users/conta/Projekty/PetStoreApp/vendor/laravel/framework/src/Illuminate/Foundation/Application.php(1208): Illuminate\\Foundation\\Console\\Kernel->handle()
#38 /mnt/c/Users/conta/Projekty/PetStoreApp/artisan(13): Illuminate\\Foundation\\Application->handleCommand()
#39 {main}
"} 
